<?xml version="1.0" encoding="UTF-8"?>
<!-- Generated by org.testng.reporters.JUnitXMLReporter -->
<testsuite ignored="0" hostname="DESKTOP-9B29BP4" failures="1" tests="1" name="Test" time="12.796" errors="0" timestamp="2026-05-10T13:37:11 IST">
  <testcase classname="testcases.DataDrivenTest" name="verifyDataDriven" time="0.0">
    <failure type="org.testng.TestNGException" message="
Method void testcases.DataDrivenTest.verifyDataDriven(java.lang.String,java.lang.String,java.lang.String) throws java.lang.InterruptedException requires a @DataProvider named : LoginData in class org.testng.annotations.DataProvider">
      <![CDATA[org.testng.TestNGException: 
at java.base/java.util.ArrayList.forEach(ArrayList.java:1596)
... Removed 25 stack frames]]>
    </failure>
  </testcase> <!-- verifyDataDriven -->
</testsuite> <!-- Test -->
